   1               		.file	"BarMeter.c"
   2               	__SREG__ = 0x3f
   3               	__SP_H__ = 0x3e
   4               	__SP_L__ = 0x3d
   5               	__CCP__ = 0x34
   6               	__tmp_reg__ = 0
   7               	__zero_reg__ = 1
   8               		.global __do_copy_data
   9               		.global __do_clear_bss
  11               		.text
  12               	.Ltext0:
 105               	.global	BarMeter_init
 107               	BarMeter_init:
   1:BarMeter.c    **** #include <avr/io.h>
   2:BarMeter.c    **** #include <util/delay.h>
   3:BarMeter.c    **** #include <avr/interrupt.h>
   4:BarMeter.c    **** #include "lcd_595_softspi.h"
   5:BarMeter.c    **** 
   6:BarMeter.c    **** 
   7:BarMeter.c    **** #define         BarMeter_N          8
   8:BarMeter.c    **** #define         BarMeter_MIN        0.0
   9:BarMeter.c    **** #define         BarMeter_MAX        8000
  10:BarMeter.c    **** 
  11:BarMeter.c    **** float    BarMeter_INTG = (BarMeter_MAX-BarMeter_MIN)/BarMeter_N;
  12:BarMeter.c    **** 
  13:BarMeter.c    **** void BarMeter_init(){
 109               	.LM0:
 110               	.LFBB1:
 111 0000 DF92      		push r13
 112 0002 EF92      		push r14
 113 0004 FF92      		push r15
 114 0006 0F93      		push r16
 115 0008 1F93      		push r17
 116 000a CF93      		push r28
 117 000c DF93      		push r29
 118               	/* prologue: function */
 119               	/* frame size = 0 */
 120               	/* stack size = 7 */
 121               	.L__stack_usage = 7
  14:BarMeter.c    ****     unsigned int code;
  15:BarMeter.c    ****     unsigned int addr;
  16:BarMeter.c    ****     
  17:BarMeter.c    ****     for(code=0;code<6;code++){
 123               	.LM1:
 124 000e 00E0      		ldi r16,lo8(0)
 125 0010 10E0      		ldi r17,hi8(0)
  18:BarMeter.c    ****         for(addr=0;addr<8;addr++){
  19:BarMeter.c    ****             lcd_set_CGRAMaddr(code,addr);
  20:BarMeter.c    ****             if( (addr > 1) & (addr < 6) )
  21:BarMeter.c    ****                 lcd_set_char(~(0x1f>>code));
 127               	.LM2:
 128 0012 8FE1      		ldi r24,lo8(31)
 129 0014 E82E      		mov r14,r24
 130 0016 F12C      		mov r15,__zero_reg__
 131 0018 00C0      		rjmp .L2
 132               	.L9:
  19:BarMeter.c    ****             lcd_set_CGRAMaddr(code,addr);
 134               	.LM3:
 135 001a 802F      		mov r24,r16
 136 001c 6C2F      		mov r22,r28
 137 001e 00D0      		rcall lcd_set_CGRAMaddr
  20:BarMeter.c    ****             if( (addr > 1) & (addr < 6) )
 139               	.LM4:
 140 0020 9E01      		movw r18,r28
 141 0022 2250      		subi r18,lo8(-(-2))
 142 0024 3040      		sbci r19,hi8(-(-2))
 143 0026 2430      		cpi r18,4
 144 0028 3105      		cpc r19,__zero_reg__
 145 002a 00F4      		brsh .L3
 147               	.LM5:
 148 002c 8D2D      		mov r24,r13
 149 002e 00C0      		rjmp .L14
 150               	.L3:
  22:BarMeter.c    ****             else if( (addr == 6) | (addr == 1) ) lcd_set_char(0x00);
 152               	.LM6:
 153 0030 C130      		cpi r28,1
 154 0032 D105      		cpc r29,__zero_reg__
 155 0034 01F0      		breq .L11
 156 0036 C630      		cpi r28,6
 157 0038 D105      		cpc r29,__zero_reg__
 158 003a 01F4      		brne .L13
 159               	.L11:
 161               	.LM7:
 162 003c 80E0      		ldi r24,lo8(0)
 163 003e 00C0      		rjmp .L14
 164               	.L13:
  23:BarMeter.c    ****             else                                 lcd_set_char(0x10);
 166               	.LM8:
 167 0040 80E1      		ldi r24,lo8(16)
 168               	.L14:
 169 0042 00D0      		rcall lcd_set_char
  18:BarMeter.c    ****         for(addr=0;addr<8;addr++){
 171               	.LM9:
 172 0044 2196      		adiw r28,1
 173 0046 C830      		cpi r28,8
 174 0048 D105      		cpc r29,__zero_reg__
 175 004a 01F4      		brne .L9
  17:BarMeter.c    ****     for(code=0;code<6;code++){
 177               	.LM10:
 178 004c 0F5F      		subi r16,lo8(-(1))
 179 004e 1F4F      		sbci r17,hi8(-(1))
 180 0050 0630      		cpi r16,6
 181 0052 1105      		cpc r17,__zero_reg__
 182 0054 01F0      		breq .L1
 183               	.L2:
  21:BarMeter.c    ****                 lcd_set_char(~(0x1f>>code));
 185               	.LM11:
 186 0056 C701      		movw r24,r14
 187 0058 002E      		mov r0,r16
 188 005a 00C0      		rjmp 2f
 189 005c 9595      	1:	asr r25
 190 005e 8795      		ror r24
 191 0060 0A94      	2:	dec r0
 192 0062 02F4      		brpl 1b
 193 0064 D82E      		mov r13,r24
 194 0066 D094      		com r13
 195 0068 C0E0      		ldi r28,lo8(0)
 196 006a D0E0      		ldi r29,hi8(0)
 197 006c 00C0      		rjmp .L9
 198               	.L1:
 199               	/* epilogue start */
  24:BarMeter.c    ****         }
  25:BarMeter.c    ****     }
  26:BarMeter.c    **** }
 201               	.LM12:
 202 006e DF91      		pop r29
 203 0070 CF91      		pop r28
 204 0072 1F91      		pop r17
 205 0074 0F91      		pop r16
 206 0076 FF90      		pop r15
 207 0078 EF90      		pop r14
 208 007a DF90      		pop r13
 209 007c 0895      		ret
 215               	.Lscope1:
 217               	.global	BarMeter_disp
 219               	BarMeter_disp:
  27:BarMeter.c    **** 
  28:BarMeter.c    **** void BarMeter_disp(unsigned int data){
 221               	.LM13:
 222               	.LFBB2:
 223 007e 4F92      		push r4
 224 0080 5F92      		push r5
 225 0082 7F92      		push r7
 226 0084 8F92      		push r8
 227 0086 9F92      		push r9
 228 0088 AF92      		push r10
 229 008a BF92      		push r11
 230 008c CF92      		push r12
 231 008e DF92      		push r13
 232 0090 EF92      		push r14
 233 0092 FF92      		push r15
 234 0094 0F93      		push r16
 235 0096 1F93      		push r17
 236 0098 CF93      		push r28
 237 009a DF93      		push r29
 238               	/* prologue: function */
 239               	/* frame size = 0 */
 240               	/* stack size = 15 */
 241               	.L__stack_usage = 15
  29:BarMeter.c    ****     
  30:BarMeter.c    ****     unsigned int    conv_data;
  31:BarMeter.c    ****     
  32:BarMeter.c    ****     unsigned char   INTG;
  33:BarMeter.c    ****     unsigned char   FRAC;
  34:BarMeter.c    ****     unsigned int    n;
  35:BarMeter.c    ****     
  36:BarMeter.c    ****     if( data > BarMeter_MAX ){
  37:BarMeter.c    ****         data = BarMeter_MAX;
  38:BarMeter.c    ****     }else if( data < BarMeter_MIN ){
  39:BarMeter.c    ****         data = BarMeter_MIN;
  40:BarMeter.c    ****     }
  41:BarMeter.c    ****     
  42:BarMeter.c    ****     conv_data = data - BarMeter_MIN;
 243               	.LM14:
 244 009c BC01      		movw r22,r24
 245 009e 8FE1      		ldi r24,hi8(8001)
 246 00a0 6134      		cpi r22,lo8(8001)
 247 00a2 7807      		cpc r23,r24
 248 00a4 00F0      		brlo .L16
 249 00a6 60E4      		ldi r22,lo8(8000)
 250 00a8 7FE1      		ldi r23,hi8(8000)
 251               	.L16:
 252 00aa 80E0      		ldi r24,lo8(0)
 253 00ac 90E0      		ldi r25,hi8(0)
 254 00ae 00D0      		rcall __floatunsisf
 255 00b0 00D0      		rcall __fixunssfsi
  43:BarMeter.c    ****     INTG = (unsigned int)(conv_data/BarMeter_INTG);
 257               	.LM15:
 258 00b2 80E0      		ldi r24,lo8(0)
 259 00b4 90E0      		ldi r25,hi8(0)
 260 00b6 00D0      		rcall __floatunsisf
 261 00b8 4B01      		movw r8,r22
 262 00ba 5C01      		movw r10,r24
 263 00bc C090 0000 		lds r12,BarMeter_INTG
 264 00c0 D090 0000 		lds r13,BarMeter_INTG+1
 265 00c4 E090 0000 		lds r14,BarMeter_INTG+2
 266 00c8 F090 0000 		lds r15,BarMeter_INTG+3
 267 00cc A701      		movw r20,r14
 268 00ce 9601      		movw r18,r12
 269 00d0 00D0      		rcall __divsf3
 270 00d2 00D0      		rcall __fixunssfsi
 271 00d4 762E      		mov r7,r22
  44:BarMeter.c    ****     FRAC = (unsigned int)((conv_data - BarMeter_INTG*INTG)*1.0/BarMeter_INTG * 5);
 273               	.LM16:
 274 00d6 062F      		mov r16,r22
 275 00d8 10E0      		ldi r17,lo8(0)
  45:BarMeter.c    **** 
  46:BarMeter.c    ****     for(n=0;n<INTG;n++){
 277               	.LM17:
 278 00da C0E0      		ldi r28,lo8(0)
 279 00dc D0E0      		ldi r29,hi8(0)
 280 00de 2801      		movw r4,r16
 281 00e0 00C0      		rjmp .L17
 282               	.L18:
  47:BarMeter.c    ****         lcd_set_char(0x5);
 284               	.LM18:
 285 00e2 85E0      		ldi r24,lo8(5)
 286 00e4 00D0      		rcall lcd_set_char
  46:BarMeter.c    ****     for(n=0;n<INTG;n++){
 288               	.LM19:
 289 00e6 2196      		adiw r28,1
 290               	.L17:
  46:BarMeter.c    ****     for(n=0;n<INTG;n++){
 292               	.LM20:
 293 00e8 C415      		cp r28,r4
 294 00ea D505      		cpc r29,r5
 295 00ec 00F0      		brlo .L18
  48:BarMeter.c    ****     }
  49:BarMeter.c    ****     if( INTG != BarMeter_N ) lcd_set_char(FRAC);
 297               	.LM21:
 298 00ee 88E0      		ldi r24,lo8(8)
 299 00f0 7816      		cp r7,r24
 300 00f2 01F0      		breq .L19
  44:BarMeter.c    ****     FRAC = (unsigned int)((conv_data - BarMeter_INTG*INTG)*1.0/BarMeter_INTG * 5);
 302               	.LM22:
 303 00f4 B801      		movw r22,r16
 304 00f6 8827      		clr r24
 305 00f8 77FD      		sbrc r23,7
 306 00fa 8095      		com r24
 307 00fc 982F      		mov r25,r24
 308 00fe 00D0      		rcall __floatsisf
 309 0100 9B01      		movw r18,r22
 310 0102 AC01      		movw r20,r24
 311 0104 C701      		movw r24,r14
 312 0106 B601      		movw r22,r12
 313 0108 00D0      		rcall __mulsf3
 314 010a 9B01      		movw r18,r22
 315 010c AC01      		movw r20,r24
 316 010e C501      		movw r24,r10
 317 0110 B401      		movw r22,r8
 318 0112 00D0      		rcall __subsf3
 319 0114 A701      		movw r20,r14
 320 0116 9601      		movw r18,r12
 321 0118 00D0      		rcall __divsf3
 322 011a 20E0      		ldi r18,lo8(0x40a00000)
 323 011c 30E0      		ldi r19,hi8(0x40a00000)
 324 011e 40EA      		ldi r20,hlo8(0x40a00000)
 325 0120 50E4      		ldi r21,hhi8(0x40a00000)
 326 0122 00D0      		rcall __mulsf3
 327 0124 00D0      		rcall __fixunssfsi
 329               	.LM23:
 330 0126 862F      		mov r24,r22
 331 0128 00D0      		rcall lcd_set_char
 332               	.L19:
  50:BarMeter.c    ****     for(n=INTG+1;n<BarMeter_N;n++){
 334               	.LM24:
 335 012a C0E0      		ldi r28,lo8(0)
 336 012c D0E0      		ldi r29,hi8(0)
 337 012e 00C0      		rjmp .L20
 338               	.L21:
  51:BarMeter.c    ****         lcd_set_char(0x0);
 340               	.LM25:
 341 0130 80E0      		ldi r24,lo8(0)
 342 0132 00D0      		rcall lcd_set_char
 343               	.L20:
 345               	.LM26:
 346 0134 2196      		adiw r28,1
  50:BarMeter.c    ****     for(n=INTG+1;n<BarMeter_N;n++){
 348               	.LM27:
 349 0136 CE01      		movw r24,r28
 350 0138 840D      		add r24,r4
 351 013a 951D      		adc r25,r5
 352 013c 8830      		cpi r24,8
 353 013e 9105      		cpc r25,__zero_reg__
 354 0140 00F0      		brlo .L21
 355               	/* epilogue start */
  52:BarMeter.c    ****     }
  53:BarMeter.c    **** 
  54:BarMeter.c    **** }
 357               	.LM28:
 358 0142 DF91      		pop r29
 359 0144 CF91      		pop r28
 360 0146 1F91      		pop r17
 361 0148 0F91      		pop r16
 362 014a FF90      		pop r15
 363 014c EF90      		pop r14
 364 014e DF90      		pop r13
 365 0150 CF90      		pop r12
 366 0152 BF90      		pop r11
 367 0154 AF90      		pop r10
 368 0156 9F90      		pop r9
 369 0158 8F90      		pop r8
 370 015a 7F90      		pop r7
 371 015c 5F90      		pop r5
 372 015e 4F90      		pop r4
 373 0160 0895      		ret
 378               	.Lscope2:
 379               	.global	BarMeter_INTG
 380               		.data
 383               	BarMeter_INTG:
 384 0000 00        		.byte	0
 385 0001 00        		.byte	0
 386 0002 7A        		.byte	122
 387 0003 44        		.byte	68
 389               		.text
 391               	.Letext0:
DEFINED SYMBOLS
                            *ABS*:00000000 BarMeter.c
/var/folders/v3/wysfpd052nz8jkbx04pk0ym80000gn/T//ccXBdE9C.s:2      *ABS*:0000003f __SREG__
/var/folders/v3/wysfpd052nz8jkbx04pk0ym80000gn/T//ccXBdE9C.s:3      *ABS*:0000003e __SP_H__
/var/folders/v3/wysfpd052nz8jkbx04pk0ym80000gn/T//ccXBdE9C.s:4      *ABS*:0000003d __SP_L__
/var/folders/v3/wysfpd052nz8jkbx04pk0ym80000gn/T//ccXBdE9C.s:5      *ABS*:00000034 __CCP__
/var/folders/v3/wysfpd052nz8jkbx04pk0ym80000gn/T//ccXBdE9C.s:6      *ABS*:00000000 __tmp_reg__
/var/folders/v3/wysfpd052nz8jkbx04pk0ym80000gn/T//ccXBdE9C.s:7      *ABS*:00000001 __zero_reg__
/var/folders/v3/wysfpd052nz8jkbx04pk0ym80000gn/T//ccXBdE9C.s:107    .text:00000000 BarMeter_init
/var/folders/v3/wysfpd052nz8jkbx04pk0ym80000gn/T//ccXBdE9C.s:219    .text:0000007e BarMeter_disp
/var/folders/v3/wysfpd052nz8jkbx04pk0ym80000gn/T//ccXBdE9C.s:383    .data:00000000 BarMeter_INTG

UNDEFINED SYMBOLS
__do_copy_data
__do_clear_bss
lcd_set_CGRAMaddr
lcd_set_char
__floatunsisf
__fixunssfsi
__divsf3
__floatsisf
__mulsf3
__subsf3
