   1               		.file	"ledarray_595_softspi.c"
   2               	__SREG__ = 0x3f
   3               	__SP_H__ = 0x3e
   4               	__SP_L__ = 0x3d
   5               	__CCP__ = 0x34
   6               	__tmp_reg__ = 0
   7               	__zero_reg__ = 1
   8               		.global __do_copy_data
   9               		.global __do_clear_bss
  11               		.text
  12               	.Ltext0:
 105               	.global	SoftSPI_LED_Init
 107               	SoftSPI_LED_Init:
   1:ledarray_595_softspi.c **** // LCD Control Functions
   2:ledarray_595_softspi.c **** // Target : ATMEGA88 (ATMEGA168)
   3:ledarray_595_softspi.c **** // Clock  : 1MHz (Fuse : CKDIV8 = 0, Fullswing crystal)
   4:ledarray_595_softspi.c **** //
   5:ledarray_595_softspi.c **** 
   6:ledarray_595_softspi.c **** #include <avr/io.h>
   7:ledarray_595_softspi.c **** #include <util/delay.h>
   8:ledarray_595_softspi.c **** #include <avr/interrupt.h>
   9:ledarray_595_softspi.c **** #include "lcd_595_softspi.h"
  10:ledarray_595_softspi.c **** 
  11:ledarray_595_softspi.c **** // SPI port Dfinition
  12:ledarray_595_softspi.c **** #define DDR_SPI         DDRB
  13:ledarray_595_softspi.c **** #define PORT_SPI        PORTB
  14:ledarray_595_softspi.c **** #define DD_MOSI         PB3
  15:ledarray_595_softspi.c **** #define DD_SCK          PB4
  16:ledarray_595_softspi.c **** #define DD_RCK          PB5
  17:ledarray_595_softspi.c **** 
  18:ledarray_595_softspi.c **** unsigned char E;
  19:ledarray_595_softspi.c **** unsigned char RS;
  20:ledarray_595_softspi.c **** unsigned char DATA;
  21:ledarray_595_softspi.c **** 
  22:ledarray_595_softspi.c **** void SoftSPI_LED_Init(void){
 109               	.LM0:
 110               	.LFBB1:
 111               	/* prologue: function */
 112               	/* frame size = 0 */
 113               	/* stack size = 0 */
 114               	.L__stack_usage = 0
  23:ledarray_595_softspi.c ****     /*MOSI,SCK=出力、他は入力に設定 */
  24:ledarray_595_softspi.c ****     DDR_SPI |= (1<<DD_MOSI)|(1<<DD_SCK)|(1<<DD_RCK);
 116               	.LM1:
 117 0000 84B1      		in r24,36-32
 118 0002 8863      		ori r24,lo8(56)
 119 0004 84B9      		out 36-32,r24
 120               	/* epilogue start */
  25:ledarray_595_softspi.c **** }
 122               	.LM2:
 123 0006 0895      		ret
 125               	.Lscope1:
 128               	.global	SoftSPI_LED_TX
 130               	SoftSPI_LED_TX:
  26:ledarray_595_softspi.c **** 
  27:ledarray_595_softspi.c **** void SoftSPI_LED_TX(unsigned char cData){
 132               	.LM3:
 133               	.LFBB2:
 134               	/* prologue: function */
 135               	/* frame size = 0 */
 136               	/* stack size = 0 */
 137               	.L__stack_usage = 0
 139               	.LM4:
 140 0008 27E0      		ldi r18,lo8(7)
 141 000a 30E0      		ldi r19,hi8(7)
  28:ledarray_595_softspi.c ****     unsigned int n;
  29:ledarray_595_softspi.c ****     for(n=0;n<8;n++){
  30:ledarray_595_softspi.c ****         PORT_SPI &= ~(1<<DD_SCK);               // Set SCK "L"
  31:ledarray_595_softspi.c ****         _delay_us(1);
  32:ledarray_595_softspi.c ****         PORT_SPI &= ~(1<<DD_MOSI);              // Initialize Data Port
  33:ledarray_595_softspi.c ****         PORT_SPI |= (0x01&(cData>>(7-n)))<<DD_MOSI; // Set Data bit
 143               	.LM5:
 144 000c 90E0      		ldi r25,lo8(0)
 145               	.L3:
  30:ledarray_595_softspi.c ****         PORT_SPI &= ~(1<<DD_SCK);               // Set SCK "L"
 147               	.LM6:
 148 000e 2C98      		cbi 37-32,4
 149               	.LBB10:
 150               	.LBB11:
 152               	.Ltext1:
   1:/usr/local/CrossPack-AVR-20121207/lib/gcc/avr/4.6.2/../../../../avr/include/util/delay.h **** /* Copyright (c) 2002, Marek Michalkiewicz
   2:/usr/local/CrossPack-AVR-20121207/lib/gcc/avr/4.6.2/../../../../avr/include/util/delay.h ****    Copyright (c) 2004,2005,2007 Joerg Wunsch
   3:/usr/local/CrossPack-AVR-20121207/lib/gcc/avr/4.6.2/../../../../avr/include/util/delay.h ****    Copyright (c) 2007  Florin-Viorel Petrov
   4:/usr/local/CrossPack-AVR-20121207/lib/gcc/avr/4.6.2/../../../../avr/include/util/delay.h ****    All rights reserved.
   5:/usr/local/CrossPack-AVR-20121207/lib/gcc/avr/4.6.2/../../../../avr/include/util/delay.h **** 
   6:/usr/local/CrossPack-AVR-20121207/lib/gcc/avr/4.6.2/../../../../avr/include/util/delay.h ****    Redistribution and use in source and binary forms, with or without
   7:/usr/local/CrossPack-AVR-20121207/lib/gcc/avr/4.6.2/../../../../avr/include/util/delay.h ****    modification, are permitted provided that the following conditions are met:
   8:/usr/local/CrossPack-AVR-20121207/lib/gcc/avr/4.6.2/../../../../avr/include/util/delay.h **** 
   9:/usr/local/CrossPack-AVR-20121207/lib/gcc/avr/4.6.2/../../../../avr/include/util/delay.h ****    * Redistributions of source code must retain the above copyright
  10:/usr/local/CrossPack-AVR-20121207/lib/gcc/avr/4.6.2/../../../../avr/include/util/delay.h ****      notice, this list of conditions and the following disclaimer.
  11:/usr/local/CrossPack-AVR-20121207/lib/gcc/avr/4.6.2/../../../../avr/include/util/delay.h **** 
  12:/usr/local/CrossPack-AVR-20121207/lib/gcc/avr/4.6.2/../../../../avr/include/util/delay.h ****    * Redistributions in binary form must reproduce the above copyright
  13:/usr/local/CrossPack-AVR-20121207/lib/gcc/avr/4.6.2/../../../../avr/include/util/delay.h ****      notice, this list of conditions and the following disclaimer in
  14:/usr/local/CrossPack-AVR-20121207/lib/gcc/avr/4.6.2/../../../../avr/include/util/delay.h ****      the documentation and/or other materials provided with the
  15:/usr/local/CrossPack-AVR-20121207/lib/gcc/avr/4.6.2/../../../../avr/include/util/delay.h ****      distribution.
  16:/usr/local/CrossPack-AVR-20121207/lib/gcc/avr/4.6.2/../../../../avr/include/util/delay.h **** 
  17:/usr/local/CrossPack-AVR-20121207/lib/gcc/avr/4.6.2/../../../../avr/include/util/delay.h ****    * Neither the name of the copyright holders nor the names of
  18:/usr/local/CrossPack-AVR-20121207/lib/gcc/avr/4.6.2/../../../../avr/include/util/delay.h ****      contributors may be used to endorse or promote products derived
  19:/usr/local/CrossPack-AVR-20121207/lib/gcc/avr/4.6.2/../../../../avr/include/util/delay.h ****      from this software without specific prior written permission.
  20:/usr/local/CrossPack-AVR-20121207/lib/gcc/avr/4.6.2/../../../../avr/include/util/delay.h **** 
  21:/usr/local/CrossPack-AVR-20121207/lib/gcc/avr/4.6.2/../../../../avr/include/util/delay.h ****   THIS SOFTWARE IS PROVIDED BY THE COPYRIGHT HOLDERS AND CONTRIBUTORS "AS IS"
  22:/usr/local/CrossPack-AVR-20121207/lib/gcc/avr/4.6.2/../../../../avr/include/util/delay.h ****   AND ANY EXPRESS OR IMPLIED WARRANTIES, INCLUDING, BUT NOT LIMITED TO, THE
  23:/usr/local/CrossPack-AVR-20121207/lib/gcc/avr/4.6.2/../../../../avr/include/util/delay.h ****   IMPLIED WARRANTIES OF MERCHANTABILITY AND FITNESS FOR A PARTICULAR PURPOSE
  24:/usr/local/CrossPack-AVR-20121207/lib/gcc/avr/4.6.2/../../../../avr/include/util/delay.h ****   ARE DISCLAIMED. IN NO EVENT SHALL THE COPYRIGHT OWNER OR CONTRIBUTORS BE
  25:/usr/local/CrossPack-AVR-20121207/lib/gcc/avr/4.6.2/../../../../avr/include/util/delay.h ****   LIABLE FOR ANY DIRECT, INDIRECT, INCIDENTAL, SPECIAL, EXEMPLARY, OR
  26:/usr/local/CrossPack-AVR-20121207/lib/gcc/avr/4.6.2/../../../../avr/include/util/delay.h ****   CONSEQUENTIAL DAMAGES (INCLUDING, BUT NOT LIMITED TO, PROCUREMENT OF
  27:/usr/local/CrossPack-AVR-20121207/lib/gcc/avr/4.6.2/../../../../avr/include/util/delay.h ****   SUBSTITUTE GOODS OR SERVICES; LOSS OF USE, DATA, OR PROFITS; OR BUSINESS
  28:/usr/local/CrossPack-AVR-20121207/lib/gcc/avr/4.6.2/../../../../avr/include/util/delay.h ****   INTERRUPTION) HOWEVER CAUSED AND ON ANY THEORY OF LIABILITY, WHETHER IN
  29:/usr/local/CrossPack-AVR-20121207/lib/gcc/avr/4.6.2/../../../../avr/include/util/delay.h ****   CONTRACT, STRICT LIABILITY, OR TORT (INCLUDING NEGLIGENCE OR OTHERWISE)
  30:/usr/local/CrossPack-AVR-20121207/lib/gcc/avr/4.6.2/../../../../avr/include/util/delay.h ****   ARISING IN ANY WAY OUT OF THE USE OF THIS SOFTWARE, EVEN IF ADVISED OF THE
  31:/usr/local/CrossPack-AVR-20121207/lib/gcc/avr/4.6.2/../../../../avr/include/util/delay.h ****   POSSIBILITY OF SUCH DAMAGE. */
  32:/usr/local/CrossPack-AVR-20121207/lib/gcc/avr/4.6.2/../../../../avr/include/util/delay.h **** 
  33:/usr/local/CrossPack-AVR-20121207/lib/gcc/avr/4.6.2/../../../../avr/include/util/delay.h **** /* $Id: delay.h.in 2251 2011-09-14 08:20:33Z joerg_wunsch $ */
  34:/usr/local/CrossPack-AVR-20121207/lib/gcc/avr/4.6.2/../../../../avr/include/util/delay.h **** 
  35:/usr/local/CrossPack-AVR-20121207/lib/gcc/avr/4.6.2/../../../../avr/include/util/delay.h **** #ifndef _UTIL_DELAY_H_
  36:/usr/local/CrossPack-AVR-20121207/lib/gcc/avr/4.6.2/../../../../avr/include/util/delay.h **** #define _UTIL_DELAY_H_ 1
  37:/usr/local/CrossPack-AVR-20121207/lib/gcc/avr/4.6.2/../../../../avr/include/util/delay.h **** 
  38:/usr/local/CrossPack-AVR-20121207/lib/gcc/avr/4.6.2/../../../../avr/include/util/delay.h **** #ifndef __HAS_DELAY_CYCLES
  39:/usr/local/CrossPack-AVR-20121207/lib/gcc/avr/4.6.2/../../../../avr/include/util/delay.h **** #define __HAS_DELAY_CYCLES 1
  40:/usr/local/CrossPack-AVR-20121207/lib/gcc/avr/4.6.2/../../../../avr/include/util/delay.h **** #endif
  41:/usr/local/CrossPack-AVR-20121207/lib/gcc/avr/4.6.2/../../../../avr/include/util/delay.h **** 
  42:/usr/local/CrossPack-AVR-20121207/lib/gcc/avr/4.6.2/../../../../avr/include/util/delay.h **** #include <inttypes.h>
  43:/usr/local/CrossPack-AVR-20121207/lib/gcc/avr/4.6.2/../../../../avr/include/util/delay.h **** #include <util/delay_basic.h>
  44:/usr/local/CrossPack-AVR-20121207/lib/gcc/avr/4.6.2/../../../../avr/include/util/delay.h **** #include <math.h>
  45:/usr/local/CrossPack-AVR-20121207/lib/gcc/avr/4.6.2/../../../../avr/include/util/delay.h **** 
  46:/usr/local/CrossPack-AVR-20121207/lib/gcc/avr/4.6.2/../../../../avr/include/util/delay.h **** /** \file */
  47:/usr/local/CrossPack-AVR-20121207/lib/gcc/avr/4.6.2/../../../../avr/include/util/delay.h **** /** \defgroup util_delay <util/delay.h>: Convenience functions for busy-wait delay loops
  48:/usr/local/CrossPack-AVR-20121207/lib/gcc/avr/4.6.2/../../../../avr/include/util/delay.h ****     \code
  49:/usr/local/CrossPack-AVR-20121207/lib/gcc/avr/4.6.2/../../../../avr/include/util/delay.h ****     #define F_CPU 1000000UL  // 1 MHz
  50:/usr/local/CrossPack-AVR-20121207/lib/gcc/avr/4.6.2/../../../../avr/include/util/delay.h ****     //#define F_CPU 14.7456E6
  51:/usr/local/CrossPack-AVR-20121207/lib/gcc/avr/4.6.2/../../../../avr/include/util/delay.h ****     #include <util/delay.h>
  52:/usr/local/CrossPack-AVR-20121207/lib/gcc/avr/4.6.2/../../../../avr/include/util/delay.h ****     \endcode
  53:/usr/local/CrossPack-AVR-20121207/lib/gcc/avr/4.6.2/../../../../avr/include/util/delay.h **** 
  54:/usr/local/CrossPack-AVR-20121207/lib/gcc/avr/4.6.2/../../../../avr/include/util/delay.h ****     \note As an alternative method, it is possible to pass the
  55:/usr/local/CrossPack-AVR-20121207/lib/gcc/avr/4.6.2/../../../../avr/include/util/delay.h ****     F_CPU macro down to the compiler from the Makefile.
  56:/usr/local/CrossPack-AVR-20121207/lib/gcc/avr/4.6.2/../../../../avr/include/util/delay.h ****     Obviously, in that case, no \c \#define statement should be
  57:/usr/local/CrossPack-AVR-20121207/lib/gcc/avr/4.6.2/../../../../avr/include/util/delay.h ****     used.
  58:/usr/local/CrossPack-AVR-20121207/lib/gcc/avr/4.6.2/../../../../avr/include/util/delay.h **** 
  59:/usr/local/CrossPack-AVR-20121207/lib/gcc/avr/4.6.2/../../../../avr/include/util/delay.h ****     The functions in this header file are wrappers around the basic
  60:/usr/local/CrossPack-AVR-20121207/lib/gcc/avr/4.6.2/../../../../avr/include/util/delay.h ****     busy-wait functions from <util/delay_basic.h>.  They are meant as
  61:/usr/local/CrossPack-AVR-20121207/lib/gcc/avr/4.6.2/../../../../avr/include/util/delay.h ****     convenience functions where actual time values can be specified
  62:/usr/local/CrossPack-AVR-20121207/lib/gcc/avr/4.6.2/../../../../avr/include/util/delay.h ****     rather than a number of cycles to wait for.  The idea behind is
  63:/usr/local/CrossPack-AVR-20121207/lib/gcc/avr/4.6.2/../../../../avr/include/util/delay.h ****     that compile-time constant expressions will be eliminated by
  64:/usr/local/CrossPack-AVR-20121207/lib/gcc/avr/4.6.2/../../../../avr/include/util/delay.h ****     compiler optimization so floating-point expressions can be used
  65:/usr/local/CrossPack-AVR-20121207/lib/gcc/avr/4.6.2/../../../../avr/include/util/delay.h ****     to calculate the number of delay cycles needed based on the CPU
  66:/usr/local/CrossPack-AVR-20121207/lib/gcc/avr/4.6.2/../../../../avr/include/util/delay.h ****     frequency passed by the macro F_CPU.
  67:/usr/local/CrossPack-AVR-20121207/lib/gcc/avr/4.6.2/../../../../avr/include/util/delay.h **** 
  68:/usr/local/CrossPack-AVR-20121207/lib/gcc/avr/4.6.2/../../../../avr/include/util/delay.h ****     \note In order for these functions to work as intended, compiler
  69:/usr/local/CrossPack-AVR-20121207/lib/gcc/avr/4.6.2/../../../../avr/include/util/delay.h ****     optimizations <em>must</em> be enabled, and the delay time
  70:/usr/local/CrossPack-AVR-20121207/lib/gcc/avr/4.6.2/../../../../avr/include/util/delay.h ****     <em>must</em> be an expression that is a known constant at
  71:/usr/local/CrossPack-AVR-20121207/lib/gcc/avr/4.6.2/../../../../avr/include/util/delay.h ****     compile-time.  If these requirements are not met, the resulting
  72:/usr/local/CrossPack-AVR-20121207/lib/gcc/avr/4.6.2/../../../../avr/include/util/delay.h ****     delay will be much longer (and basically unpredictable), and
  73:/usr/local/CrossPack-AVR-20121207/lib/gcc/avr/4.6.2/../../../../avr/include/util/delay.h ****     applications that otherwise do not use floating-point calculations
  74:/usr/local/CrossPack-AVR-20121207/lib/gcc/avr/4.6.2/../../../../avr/include/util/delay.h ****     will experience severe code bloat by the floating-point library
  75:/usr/local/CrossPack-AVR-20121207/lib/gcc/avr/4.6.2/../../../../avr/include/util/delay.h ****     routines linked into the application.
  76:/usr/local/CrossPack-AVR-20121207/lib/gcc/avr/4.6.2/../../../../avr/include/util/delay.h **** 
  77:/usr/local/CrossPack-AVR-20121207/lib/gcc/avr/4.6.2/../../../../avr/include/util/delay.h ****     The functions available allow the specification of microsecond, and
  78:/usr/local/CrossPack-AVR-20121207/lib/gcc/avr/4.6.2/../../../../avr/include/util/delay.h ****     millisecond delays directly, using the application-supplied macro
  79:/usr/local/CrossPack-AVR-20121207/lib/gcc/avr/4.6.2/../../../../avr/include/util/delay.h ****     F_CPU as the CPU clock frequency (in Hertz).
  80:/usr/local/CrossPack-AVR-20121207/lib/gcc/avr/4.6.2/../../../../avr/include/util/delay.h **** 
  81:/usr/local/CrossPack-AVR-20121207/lib/gcc/avr/4.6.2/../../../../avr/include/util/delay.h **** */
  82:/usr/local/CrossPack-AVR-20121207/lib/gcc/avr/4.6.2/../../../../avr/include/util/delay.h **** 
  83:/usr/local/CrossPack-AVR-20121207/lib/gcc/avr/4.6.2/../../../../avr/include/util/delay.h **** #if !defined(__DOXYGEN__)
  84:/usr/local/CrossPack-AVR-20121207/lib/gcc/avr/4.6.2/../../../../avr/include/util/delay.h **** static inline void _delay_us(double __us) __attribute__((always_inline));
  85:/usr/local/CrossPack-AVR-20121207/lib/gcc/avr/4.6.2/../../../../avr/include/util/delay.h **** static inline void _delay_ms(double __ms) __attribute__((always_inline));
  86:/usr/local/CrossPack-AVR-20121207/lib/gcc/avr/4.6.2/../../../../avr/include/util/delay.h **** #endif
  87:/usr/local/CrossPack-AVR-20121207/lib/gcc/avr/4.6.2/../../../../avr/include/util/delay.h **** 
  88:/usr/local/CrossPack-AVR-20121207/lib/gcc/avr/4.6.2/../../../../avr/include/util/delay.h **** #ifndef F_CPU
  89:/usr/local/CrossPack-AVR-20121207/lib/gcc/avr/4.6.2/../../../../avr/include/util/delay.h **** /* prevent compiler error by supplying a default */
  90:/usr/local/CrossPack-AVR-20121207/lib/gcc/avr/4.6.2/../../../../avr/include/util/delay.h **** # warning "F_CPU not defined for <util/delay.h>"
  91:/usr/local/CrossPack-AVR-20121207/lib/gcc/avr/4.6.2/../../../../avr/include/util/delay.h **** # define F_CPU 1000000UL
  92:/usr/local/CrossPack-AVR-20121207/lib/gcc/avr/4.6.2/../../../../avr/include/util/delay.h **** #endif
  93:/usr/local/CrossPack-AVR-20121207/lib/gcc/avr/4.6.2/../../../../avr/include/util/delay.h **** 
  94:/usr/local/CrossPack-AVR-20121207/lib/gcc/avr/4.6.2/../../../../avr/include/util/delay.h **** #ifndef __OPTIMIZE__
  95:/usr/local/CrossPack-AVR-20121207/lib/gcc/avr/4.6.2/../../../../avr/include/util/delay.h **** # warning "Compiler optimizations disabled; functions from <util/delay.h> won't work as designed"
  96:/usr/local/CrossPack-AVR-20121207/lib/gcc/avr/4.6.2/../../../../avr/include/util/delay.h **** #endif
  97:/usr/local/CrossPack-AVR-20121207/lib/gcc/avr/4.6.2/../../../../avr/include/util/delay.h **** 
  98:/usr/local/CrossPack-AVR-20121207/lib/gcc/avr/4.6.2/../../../../avr/include/util/delay.h **** #if __HAS_DELAY_CYCLES && defined(__OPTIMIZE__) && \
  99:/usr/local/CrossPack-AVR-20121207/lib/gcc/avr/4.6.2/../../../../avr/include/util/delay.h ****   !defined(__DELAY_BACKWARD_COMPATIBLE__) &&	   \
 100:/usr/local/CrossPack-AVR-20121207/lib/gcc/avr/4.6.2/../../../../avr/include/util/delay.h ****   __STDC_HOSTED__
 101:/usr/local/CrossPack-AVR-20121207/lib/gcc/avr/4.6.2/../../../../avr/include/util/delay.h **** #  include <math.h>
 102:/usr/local/CrossPack-AVR-20121207/lib/gcc/avr/4.6.2/../../../../avr/include/util/delay.h **** #endif
 103:/usr/local/CrossPack-AVR-20121207/lib/gcc/avr/4.6.2/../../../../avr/include/util/delay.h **** 
 104:/usr/local/CrossPack-AVR-20121207/lib/gcc/avr/4.6.2/../../../../avr/include/util/delay.h **** /**
 105:/usr/local/CrossPack-AVR-20121207/lib/gcc/avr/4.6.2/../../../../avr/include/util/delay.h ****    \ingroup util_delay
 106:/usr/local/CrossPack-AVR-20121207/lib/gcc/avr/4.6.2/../../../../avr/include/util/delay.h **** 
 107:/usr/local/CrossPack-AVR-20121207/lib/gcc/avr/4.6.2/../../../../avr/include/util/delay.h ****    Perform a delay of \c __ms milliseconds, using _delay_loop_2().
 108:/usr/local/CrossPack-AVR-20121207/lib/gcc/avr/4.6.2/../../../../avr/include/util/delay.h **** 
 109:/usr/local/CrossPack-AVR-20121207/lib/gcc/avr/4.6.2/../../../../avr/include/util/delay.h ****    The macro F_CPU is supposed to be defined to a
 110:/usr/local/CrossPack-AVR-20121207/lib/gcc/avr/4.6.2/../../../../avr/include/util/delay.h ****    constant defining the CPU clock frequency (in Hertz).
 111:/usr/local/CrossPack-AVR-20121207/lib/gcc/avr/4.6.2/../../../../avr/include/util/delay.h **** 
 112:/usr/local/CrossPack-AVR-20121207/lib/gcc/avr/4.6.2/../../../../avr/include/util/delay.h ****    The maximal possible delay is 262.14 ms / F_CPU in MHz.
 113:/usr/local/CrossPack-AVR-20121207/lib/gcc/avr/4.6.2/../../../../avr/include/util/delay.h **** 
 114:/usr/local/CrossPack-AVR-20121207/lib/gcc/avr/4.6.2/../../../../avr/include/util/delay.h ****    When the user request delay which exceed the maximum possible one,
 115:/usr/local/CrossPack-AVR-20121207/lib/gcc/avr/4.6.2/../../../../avr/include/util/delay.h ****    _delay_ms() provides a decreased resolution functionality. In this
 116:/usr/local/CrossPack-AVR-20121207/lib/gcc/avr/4.6.2/../../../../avr/include/util/delay.h ****    mode _delay_ms() will work with a resolution of 1/10 ms, providing
 117:/usr/local/CrossPack-AVR-20121207/lib/gcc/avr/4.6.2/../../../../avr/include/util/delay.h ****    delays up to 6.5535 seconds (independent from CPU frequency).  The
 118:/usr/local/CrossPack-AVR-20121207/lib/gcc/avr/4.6.2/../../../../avr/include/util/delay.h ****    user will not be informed about decreased resolution.
 119:/usr/local/CrossPack-AVR-20121207/lib/gcc/avr/4.6.2/../../../../avr/include/util/delay.h **** 
 120:/usr/local/CrossPack-AVR-20121207/lib/gcc/avr/4.6.2/../../../../avr/include/util/delay.h ****    If the avr-gcc toolchain has __builtin_avr_delay_cycles(unsigned long)
 121:/usr/local/CrossPack-AVR-20121207/lib/gcc/avr/4.6.2/../../../../avr/include/util/delay.h ****    support, maximal possible delay is 4294967.295 ms/ F_CPU in MHz. For
 122:/usr/local/CrossPack-AVR-20121207/lib/gcc/avr/4.6.2/../../../../avr/include/util/delay.h ****    values greater than the maximal possible delay, overflows results in
 123:/usr/local/CrossPack-AVR-20121207/lib/gcc/avr/4.6.2/../../../../avr/include/util/delay.h ****    no delay i.e., 0ms.
 124:/usr/local/CrossPack-AVR-20121207/lib/gcc/avr/4.6.2/../../../../avr/include/util/delay.h **** 
 125:/usr/local/CrossPack-AVR-20121207/lib/gcc/avr/4.6.2/../../../../avr/include/util/delay.h ****    Conversion of __us into clock cycles may not always result in integer.
 126:/usr/local/CrossPack-AVR-20121207/lib/gcc/avr/4.6.2/../../../../avr/include/util/delay.h ****    By default, the clock cycles rounded up to next integer. This ensures that
 127:/usr/local/CrossPack-AVR-20121207/lib/gcc/avr/4.6.2/../../../../avr/include/util/delay.h ****    the user gets atleast __us microseconds of delay.
 128:/usr/local/CrossPack-AVR-20121207/lib/gcc/avr/4.6.2/../../../../avr/include/util/delay.h **** 
 129:/usr/local/CrossPack-AVR-20121207/lib/gcc/avr/4.6.2/../../../../avr/include/util/delay.h ****    Alternatively, user can define __DELAY_ROUND_DOWN__ and __DELAY_ROUND_CLOSEST__
 130:/usr/local/CrossPack-AVR-20121207/lib/gcc/avr/4.6.2/../../../../avr/include/util/delay.h ****    to round down and round to closest integer.
 131:/usr/local/CrossPack-AVR-20121207/lib/gcc/avr/4.6.2/../../../../avr/include/util/delay.h **** 
 132:/usr/local/CrossPack-AVR-20121207/lib/gcc/avr/4.6.2/../../../../avr/include/util/delay.h ****    Note: The new implementation of _delay_ms(double __ms) with 
 133:/usr/local/CrossPack-AVR-20121207/lib/gcc/avr/4.6.2/../../../../avr/include/util/delay.h ****     __builtin_avr_delay_cycles(unsigned long) support is not backward compatible. 
 134:/usr/local/CrossPack-AVR-20121207/lib/gcc/avr/4.6.2/../../../../avr/include/util/delay.h ****    User can define __DELAY_BACKWARD_COMPATIBLE__ to get a backward compatible delay.
 135:/usr/local/CrossPack-AVR-20121207/lib/gcc/avr/4.6.2/../../../../avr/include/util/delay.h ****    Also, the backward compatible
 136:/usr/local/CrossPack-AVR-20121207/lib/gcc/avr/4.6.2/../../../../avr/include/util/delay.h ****    algorithm will be chosen if the code is compiled in a <em>freestanding
 137:/usr/local/CrossPack-AVR-20121207/lib/gcc/avr/4.6.2/../../../../avr/include/util/delay.h ****    environment</em> (GCC option \c -ffreestanding), as the math functions
 138:/usr/local/CrossPack-AVR-20121207/lib/gcc/avr/4.6.2/../../../../avr/include/util/delay.h ****    required for rounding are not available to the compiler then.
 139:/usr/local/CrossPack-AVR-20121207/lib/gcc/avr/4.6.2/../../../../avr/include/util/delay.h **** 
 140:/usr/local/CrossPack-AVR-20121207/lib/gcc/avr/4.6.2/../../../../avr/include/util/delay.h ****  */
 141:/usr/local/CrossPack-AVR-20121207/lib/gcc/avr/4.6.2/../../../../avr/include/util/delay.h **** void
 142:/usr/local/CrossPack-AVR-20121207/lib/gcc/avr/4.6.2/../../../../avr/include/util/delay.h **** _delay_ms(double __ms)
 143:/usr/local/CrossPack-AVR-20121207/lib/gcc/avr/4.6.2/../../../../avr/include/util/delay.h **** {
 144:/usr/local/CrossPack-AVR-20121207/lib/gcc/avr/4.6.2/../../../../avr/include/util/delay.h **** 	uint16_t __ticks;
 145:/usr/local/CrossPack-AVR-20121207/lib/gcc/avr/4.6.2/../../../../avr/include/util/delay.h **** 	double __tmp ; 
 146:/usr/local/CrossPack-AVR-20121207/lib/gcc/avr/4.6.2/../../../../avr/include/util/delay.h **** #if __HAS_DELAY_CYCLES && defined(__OPTIMIZE__) && \
 147:/usr/local/CrossPack-AVR-20121207/lib/gcc/avr/4.6.2/../../../../avr/include/util/delay.h ****   !defined(__DELAY_BACKWARD_COMPATIBLE__) &&	   \
 148:/usr/local/CrossPack-AVR-20121207/lib/gcc/avr/4.6.2/../../../../avr/include/util/delay.h ****   __STDC_HOSTED__
 149:/usr/local/CrossPack-AVR-20121207/lib/gcc/avr/4.6.2/../../../../avr/include/util/delay.h **** 	uint32_t __ticks_dc;
 150:/usr/local/CrossPack-AVR-20121207/lib/gcc/avr/4.6.2/../../../../avr/include/util/delay.h **** 	extern void __builtin_avr_delay_cycles(unsigned long);
 151:/usr/local/CrossPack-AVR-20121207/lib/gcc/avr/4.6.2/../../../../avr/include/util/delay.h **** 	__tmp = ((F_CPU) / 1e3) * __ms;
 152:/usr/local/CrossPack-AVR-20121207/lib/gcc/avr/4.6.2/../../../../avr/include/util/delay.h **** 
 153:/usr/local/CrossPack-AVR-20121207/lib/gcc/avr/4.6.2/../../../../avr/include/util/delay.h **** 	#if defined(__DELAY_ROUND_DOWN__)
 154:/usr/local/CrossPack-AVR-20121207/lib/gcc/avr/4.6.2/../../../../avr/include/util/delay.h **** 		__ticks_dc = (uint32_t)fabs(__tmp);
 155:/usr/local/CrossPack-AVR-20121207/lib/gcc/avr/4.6.2/../../../../avr/include/util/delay.h **** 
 156:/usr/local/CrossPack-AVR-20121207/lib/gcc/avr/4.6.2/../../../../avr/include/util/delay.h **** 	#elif defined(__DELAY_ROUND_CLOSEST__)
 157:/usr/local/CrossPack-AVR-20121207/lib/gcc/avr/4.6.2/../../../../avr/include/util/delay.h **** 		__ticks_dc = (uint32_t)(fabs(__tmp)+0.5);
 158:/usr/local/CrossPack-AVR-20121207/lib/gcc/avr/4.6.2/../../../../avr/include/util/delay.h **** 
 159:/usr/local/CrossPack-AVR-20121207/lib/gcc/avr/4.6.2/../../../../avr/include/util/delay.h **** 	#else
 160:/usr/local/CrossPack-AVR-20121207/lib/gcc/avr/4.6.2/../../../../avr/include/util/delay.h **** 		//round up by default
 161:/usr/local/CrossPack-AVR-20121207/lib/gcc/avr/4.6.2/../../../../avr/include/util/delay.h **** 		__ticks_dc = (uint32_t)(ceil(fabs(__tmp)));
 162:/usr/local/CrossPack-AVR-20121207/lib/gcc/avr/4.6.2/../../../../avr/include/util/delay.h **** 	#endif
 163:/usr/local/CrossPack-AVR-20121207/lib/gcc/avr/4.6.2/../../../../avr/include/util/delay.h **** 
 164:/usr/local/CrossPack-AVR-20121207/lib/gcc/avr/4.6.2/../../../../avr/include/util/delay.h **** 	__builtin_avr_delay_cycles(__ticks_dc);
 165:/usr/local/CrossPack-AVR-20121207/lib/gcc/avr/4.6.2/../../../../avr/include/util/delay.h **** 
 166:/usr/local/CrossPack-AVR-20121207/lib/gcc/avr/4.6.2/../../../../avr/include/util/delay.h **** #else
 167:/usr/local/CrossPack-AVR-20121207/lib/gcc/avr/4.6.2/../../../../avr/include/util/delay.h **** 	__tmp = ((F_CPU) / 4e3) * __ms;
 168:/usr/local/CrossPack-AVR-20121207/lib/gcc/avr/4.6.2/../../../../avr/include/util/delay.h **** 	if (__tmp < 1.0)
 169:/usr/local/CrossPack-AVR-20121207/lib/gcc/avr/4.6.2/../../../../avr/include/util/delay.h **** 		__ticks = 1;
 170:/usr/local/CrossPack-AVR-20121207/lib/gcc/avr/4.6.2/../../../../avr/include/util/delay.h **** 	else if (__tmp > 65535)
 171:/usr/local/CrossPack-AVR-20121207/lib/gcc/avr/4.6.2/../../../../avr/include/util/delay.h **** 	{
 172:/usr/local/CrossPack-AVR-20121207/lib/gcc/avr/4.6.2/../../../../avr/include/util/delay.h **** 		//	__ticks = requested delay in 1/10 ms
 173:/usr/local/CrossPack-AVR-20121207/lib/gcc/avr/4.6.2/../../../../avr/include/util/delay.h **** 		__ticks = (uint16_t) (__ms * 10.0);
 174:/usr/local/CrossPack-AVR-20121207/lib/gcc/avr/4.6.2/../../../../avr/include/util/delay.h **** 		while(__ticks)
 175:/usr/local/CrossPack-AVR-20121207/lib/gcc/avr/4.6.2/../../../../avr/include/util/delay.h **** 		{
 176:/usr/local/CrossPack-AVR-20121207/lib/gcc/avr/4.6.2/../../../../avr/include/util/delay.h **** 			// wait 1/10 ms
 177:/usr/local/CrossPack-AVR-20121207/lib/gcc/avr/4.6.2/../../../../avr/include/util/delay.h **** 			_delay_loop_2(((F_CPU) / 4e3) / 10);
 178:/usr/local/CrossPack-AVR-20121207/lib/gcc/avr/4.6.2/../../../../avr/include/util/delay.h **** 			__ticks --;
 179:/usr/local/CrossPack-AVR-20121207/lib/gcc/avr/4.6.2/../../../../avr/include/util/delay.h **** 		}
 180:/usr/local/CrossPack-AVR-20121207/lib/gcc/avr/4.6.2/../../../../avr/include/util/delay.h **** 		return;
 181:/usr/local/CrossPack-AVR-20121207/lib/gcc/avr/4.6.2/../../../../avr/include/util/delay.h **** 	}
 182:/usr/local/CrossPack-AVR-20121207/lib/gcc/avr/4.6.2/../../../../avr/include/util/delay.h **** 	else
 183:/usr/local/CrossPack-AVR-20121207/lib/gcc/avr/4.6.2/../../../../avr/include/util/delay.h **** 		__ticks = (uint16_t)__tmp;
 184:/usr/local/CrossPack-AVR-20121207/lib/gcc/avr/4.6.2/../../../../avr/include/util/delay.h **** 	_delay_loop_2(__ticks);
 185:/usr/local/CrossPack-AVR-20121207/lib/gcc/avr/4.6.2/../../../../avr/include/util/delay.h **** #endif
 186:/usr/local/CrossPack-AVR-20121207/lib/gcc/avr/4.6.2/../../../../avr/include/util/delay.h **** }
 187:/usr/local/CrossPack-AVR-20121207/lib/gcc/avr/4.6.2/../../../../avr/include/util/delay.h **** 
 188:/usr/local/CrossPack-AVR-20121207/lib/gcc/avr/4.6.2/../../../../avr/include/util/delay.h **** /**
 189:/usr/local/CrossPack-AVR-20121207/lib/gcc/avr/4.6.2/../../../../avr/include/util/delay.h ****    \ingroup util_delay
 190:/usr/local/CrossPack-AVR-20121207/lib/gcc/avr/4.6.2/../../../../avr/include/util/delay.h **** 
 191:/usr/local/CrossPack-AVR-20121207/lib/gcc/avr/4.6.2/../../../../avr/include/util/delay.h ****    Perform a delay of \c __us microseconds, using _delay_loop_1().
 192:/usr/local/CrossPack-AVR-20121207/lib/gcc/avr/4.6.2/../../../../avr/include/util/delay.h **** 
 193:/usr/local/CrossPack-AVR-20121207/lib/gcc/avr/4.6.2/../../../../avr/include/util/delay.h ****    The macro F_CPU is supposed to be defined to a
 194:/usr/local/CrossPack-AVR-20121207/lib/gcc/avr/4.6.2/../../../../avr/include/util/delay.h ****    constant defining the CPU clock frequency (in Hertz).
 195:/usr/local/CrossPack-AVR-20121207/lib/gcc/avr/4.6.2/../../../../avr/include/util/delay.h **** 
 196:/usr/local/CrossPack-AVR-20121207/lib/gcc/avr/4.6.2/../../../../avr/include/util/delay.h ****    The maximal possible delay is 768 us / F_CPU in MHz.
 197:/usr/local/CrossPack-AVR-20121207/lib/gcc/avr/4.6.2/../../../../avr/include/util/delay.h **** 
 198:/usr/local/CrossPack-AVR-20121207/lib/gcc/avr/4.6.2/../../../../avr/include/util/delay.h ****    If the user requests a delay greater than the maximal possible one,
 199:/usr/local/CrossPack-AVR-20121207/lib/gcc/avr/4.6.2/../../../../avr/include/util/delay.h ****    _delay_us() will automatically call _delay_ms() instead.  The user
 200:/usr/local/CrossPack-AVR-20121207/lib/gcc/avr/4.6.2/../../../../avr/include/util/delay.h ****    will not be informed about this case.
 201:/usr/local/CrossPack-AVR-20121207/lib/gcc/avr/4.6.2/../../../../avr/include/util/delay.h **** 
 202:/usr/local/CrossPack-AVR-20121207/lib/gcc/avr/4.6.2/../../../../avr/include/util/delay.h ****    If the avr-gcc toolchain has __builtin_avr_delay_cycles(unsigned long)
 203:/usr/local/CrossPack-AVR-20121207/lib/gcc/avr/4.6.2/../../../../avr/include/util/delay.h ****    support, maximal possible delay is 4294967.295 us/ F_CPU in MHz. For
 204:/usr/local/CrossPack-AVR-20121207/lib/gcc/avr/4.6.2/../../../../avr/include/util/delay.h ****    values greater than the maximal possible delay, overflow results in
 205:/usr/local/CrossPack-AVR-20121207/lib/gcc/avr/4.6.2/../../../../avr/include/util/delay.h ****    no delay i.e., 0us.
 206:/usr/local/CrossPack-AVR-20121207/lib/gcc/avr/4.6.2/../../../../avr/include/util/delay.h ****   
 207:/usr/local/CrossPack-AVR-20121207/lib/gcc/avr/4.6.2/../../../../avr/include/util/delay.h ****    Conversion of __us into clock cycles may not always result in integer.
 208:/usr/local/CrossPack-AVR-20121207/lib/gcc/avr/4.6.2/../../../../avr/include/util/delay.h ****    By default, the clock cycles rounded up to next integer. This ensures that
 209:/usr/local/CrossPack-AVR-20121207/lib/gcc/avr/4.6.2/../../../../avr/include/util/delay.h ****    the user gets atleast __us microseconds of delay.
 210:/usr/local/CrossPack-AVR-20121207/lib/gcc/avr/4.6.2/../../../../avr/include/util/delay.h **** 
 211:/usr/local/CrossPack-AVR-20121207/lib/gcc/avr/4.6.2/../../../../avr/include/util/delay.h ****    Alternatively, user can define __DELAY_ROUND_DOWN__ and __DELAY_ROUND_CLOSEST__
 212:/usr/local/CrossPack-AVR-20121207/lib/gcc/avr/4.6.2/../../../../avr/include/util/delay.h ****    to round down and round to closest integer.
 213:/usr/local/CrossPack-AVR-20121207/lib/gcc/avr/4.6.2/../../../../avr/include/util/delay.h ****  
 214:/usr/local/CrossPack-AVR-20121207/lib/gcc/avr/4.6.2/../../../../avr/include/util/delay.h ****    Note: The new implementation of _delay_us(double __us) with 
 215:/usr/local/CrossPack-AVR-20121207/lib/gcc/avr/4.6.2/../../../../avr/include/util/delay.h ****     __builtin_avr_delay_cycles(unsigned long) support is not backward compatible.
 216:/usr/local/CrossPack-AVR-20121207/lib/gcc/avr/4.6.2/../../../../avr/include/util/delay.h ****    User can define __DELAY_BACKWARD_COMPATIBLE__ to get a backward compatible delay.
 217:/usr/local/CrossPack-AVR-20121207/lib/gcc/avr/4.6.2/../../../../avr/include/util/delay.h ****    Also, the backward compatible
 218:/usr/local/CrossPack-AVR-20121207/lib/gcc/avr/4.6.2/../../../../avr/include/util/delay.h ****    algorithm will be chosen if the code is compiled in a <em>freestanding
 219:/usr/local/CrossPack-AVR-20121207/lib/gcc/avr/4.6.2/../../../../avr/include/util/delay.h ****    environment</em> (GCC option \c -ffreestanding), as the math functions
 220:/usr/local/CrossPack-AVR-20121207/lib/gcc/avr/4.6.2/../../../../avr/include/util/delay.h ****    required for rounding are not available to the compiler then.
 221:/usr/local/CrossPack-AVR-20121207/lib/gcc/avr/4.6.2/../../../../avr/include/util/delay.h **** 
 222:/usr/local/CrossPack-AVR-20121207/lib/gcc/avr/4.6.2/../../../../avr/include/util/delay.h ****  */
 223:/usr/local/CrossPack-AVR-20121207/lib/gcc/avr/4.6.2/../../../../avr/include/util/delay.h **** void
 224:/usr/local/CrossPack-AVR-20121207/lib/gcc/avr/4.6.2/../../../../avr/include/util/delay.h **** _delay_us(double __us)
 225:/usr/local/CrossPack-AVR-20121207/lib/gcc/avr/4.6.2/../../../../avr/include/util/delay.h **** {
 226:/usr/local/CrossPack-AVR-20121207/lib/gcc/avr/4.6.2/../../../../avr/include/util/delay.h **** 	uint8_t __ticks;
 227:/usr/local/CrossPack-AVR-20121207/lib/gcc/avr/4.6.2/../../../../avr/include/util/delay.h **** 	double __tmp ; 
 228:/usr/local/CrossPack-AVR-20121207/lib/gcc/avr/4.6.2/../../../../avr/include/util/delay.h **** #if __HAS_DELAY_CYCLES && defined(__OPTIMIZE__) && \
 229:/usr/local/CrossPack-AVR-20121207/lib/gcc/avr/4.6.2/../../../../avr/include/util/delay.h ****   !defined(__DELAY_BACKWARD_COMPATIBLE__) &&	   \
 230:/usr/local/CrossPack-AVR-20121207/lib/gcc/avr/4.6.2/../../../../avr/include/util/delay.h ****   __STDC_HOSTED__
 231:/usr/local/CrossPack-AVR-20121207/lib/gcc/avr/4.6.2/../../../../avr/include/util/delay.h **** 	uint32_t __ticks_dc;
 232:/usr/local/CrossPack-AVR-20121207/lib/gcc/avr/4.6.2/../../../../avr/include/util/delay.h **** 	extern void __builtin_avr_delay_cycles(unsigned long);
 233:/usr/local/CrossPack-AVR-20121207/lib/gcc/avr/4.6.2/../../../../avr/include/util/delay.h **** 	__tmp = ((F_CPU) / 1e6) * __us;
 234:/usr/local/CrossPack-AVR-20121207/lib/gcc/avr/4.6.2/../../../../avr/include/util/delay.h **** 
 235:/usr/local/CrossPack-AVR-20121207/lib/gcc/avr/4.6.2/../../../../avr/include/util/delay.h **** 	#if defined(__DELAY_ROUND_DOWN__)
 236:/usr/local/CrossPack-AVR-20121207/lib/gcc/avr/4.6.2/../../../../avr/include/util/delay.h **** 		__ticks_dc = (uint32_t)fabs(__tmp);
 237:/usr/local/CrossPack-AVR-20121207/lib/gcc/avr/4.6.2/../../../../avr/include/util/delay.h **** 
 238:/usr/local/CrossPack-AVR-20121207/lib/gcc/avr/4.6.2/../../../../avr/include/util/delay.h **** 	#elif defined(__DELAY_ROUND_CLOSEST__)
 239:/usr/local/CrossPack-AVR-20121207/lib/gcc/avr/4.6.2/../../../../avr/include/util/delay.h **** 		__ticks_dc = (uint32_t)(fabs(__tmp)+0.5);
 240:/usr/local/CrossPack-AVR-20121207/lib/gcc/avr/4.6.2/../../../../avr/include/util/delay.h **** 
 241:/usr/local/CrossPack-AVR-20121207/lib/gcc/avr/4.6.2/../../../../avr/include/util/delay.h **** 	#else
 242:/usr/local/CrossPack-AVR-20121207/lib/gcc/avr/4.6.2/../../../../avr/include/util/delay.h **** 		//round up by default
 243:/usr/local/CrossPack-AVR-20121207/lib/gcc/avr/4.6.2/../../../../avr/include/util/delay.h **** 		__ticks_dc = (uint32_t)(ceil(fabs(__tmp)));
 244:/usr/local/CrossPack-AVR-20121207/lib/gcc/avr/4.6.2/../../../../avr/include/util/delay.h **** 	#endif
 245:/usr/local/CrossPack-AVR-20121207/lib/gcc/avr/4.6.2/../../../../avr/include/util/delay.h **** 
 246:/usr/local/CrossPack-AVR-20121207/lib/gcc/avr/4.6.2/../../../../avr/include/util/delay.h **** 	__builtin_avr_delay_cycles(__ticks_dc);
 154               	.LM7:
 155 0010 45E0      		 ldi r20,lo8(5)
 156 0012 4A95      	    1:dec r20
 157 0014 01F4      	    brne 1b
 158 0016 0000      		nop
 159               	.LBE11:
 160               	.LBE10:
 162               	.Ltext2:
  32:ledarray_595_softspi.c ****         PORT_SPI &= ~(1<<DD_MOSI);              // Initialize Data Port
 164               	.LM8:
 165 0018 2B98      		cbi 37-32,3
 167               	.LM9:
 168 001a 65B1      		in r22,37-32
 169 001c AC01      		movw r20,r24
 170 001e 022E      		mov r0,r18
 171 0020 00C0      		rjmp 2f
 172 0022 5595      	1:	asr r21
 173 0024 4795      		ror r20
 174 0026 0A94      	2:	dec r0
 175 0028 02F4      		brpl 1b
 176 002a 4170      		andi r20,lo8(1)
 177 002c 5070      		andi r21,hi8(1)
 178 002e 73E0      		ldi r23,3
 179 0030 440F      	1:	lsl r20
 180 0032 551F      		rol r21
 181 0034 7A95      		dec r23
 182 0036 01F4      		brne 1b
 183 0038 642B      		or r22,r20
 184 003a 65B9      		out 37-32,r22
 185               	.LBB12:
 186               	.LBB13:
 188               	.Ltext3:
 190               	.LM10:
 191 003c 45E0      		 ldi r20,lo8(5)
 192 003e 4A95      	    1:dec r20
 193 0040 01F4      	    brne 1b
 194 0042 0000      		nop
 195               	.LBE13:
 196               	.LBE12:
 198               	.Ltext4:
  34:ledarray_595_softspi.c ****         _delay_us(1);
  35:ledarray_595_softspi.c ****         PORT_SPI |= (1<<DD_SCK);                // Set SCK "H"
 200               	.LM11:
 201 0044 2C9A      		sbi 37-32,4
 202               	.LBB14:
 203               	.LBB15:
 205               	.Ltext5:
 207               	.LM12:
 208 0046 45E0      		 ldi r20,lo8(5)
 209 0048 4A95      	    1:dec r20
 210 004a 01F4      	    brne 1b
 211 004c 0000      		nop
 212 004e 2150      		subi r18,lo8(-(-1))
 213 0050 3040      		sbci r19,hi8(-(-1))
 214               	.LBE15:
 215               	.LBE14:
 217               	.Ltext6:
  29:ledarray_595_softspi.c ****     for(n=0;n<8;n++){
 219               	.LM13:
 220 0052 4FEF      		ldi r20,hi8(-1)
 221 0054 2F3F      		cpi r18,lo8(-1)
 222 0056 3407      		cpc r19,r20
 223 0058 01F4      		brne .L3
 224               	/* epilogue start */
  36:ledarray_595_softspi.c ****         _delay_us(1);
  37:ledarray_595_softspi.c ****     }
  38:ledarray_595_softspi.c **** }
 226               	.LM14:
 227 005a 0895      		ret
 229               	.Lscope2:
 232               	.global	send_bits_595_LED
 234               	send_bits_595_LED:
  39:ledarray_595_softspi.c **** 
  40:ledarray_595_softspi.c **** void send_bits_595_LED(unsigned char DATA){
 236               	.LM15:
 237               	.LFBB3:
 238               	/* prologue: function */
 239               	/* frame size = 0 */
 240               	/* stack size = 0 */
 241               	.L__stack_usage = 0
  41:ledarray_595_softspi.c ****     unsigned char bits;
  42:ledarray_595_softspi.c ****     bits = DATA;
  43:ledarray_595_softspi.c ****     SoftSPI_LED_TX(bits);
 243               	.LM16:
 244 005c 00D0      		rcall SoftSPI_LED_TX
 245               	.LBB16:
 246               	.LBB17:
 248               	.Ltext7:
 250               	.LM17:
 251 005e 85E3      		 ldi r24,lo8(53)
 252 0060 8A95      	    1:dec r24
 253 0062 01F4      	    brne 1b
 254 0064 0000      		nop
 255               	.LBE17:
 256               	.LBE16:
 258               	.Ltext8:
  44:ledarray_595_softspi.c ****     _delay_us(10);
  45:ledarray_595_softspi.c ****     PORT_SPI &= ~(1<<DD_RCK);   // Set RCK "L"
 260               	.LM18:
 261 0066 2D98      		cbi 37-32,5
  46:ledarray_595_softspi.c ****     PORT_SPI |=  (1<<DD_RCK);   // Set RCK "H"
 263               	.LM19:
 264 0068 2D9A      		sbi 37-32,5
  47:ledarray_595_softspi.c ****     PORT_SPI &= ~(1<<DD_RCK);   // Set RCK "L"
 266               	.LM20:
 267 006a 2D98      		cbi 37-32,5
 268               	/* epilogue start */
  48:ledarray_595_softspi.c **** }
 270               	.LM21:
 271 006c 0895      		ret
 273               	.Lscope3:
 274               		.comm DATA,1,1
 275               		.comm RS,1,1
 276               		.comm E,1,1
 281               	.Letext0:
DEFINED SYMBOLS
                            *ABS*:00000000 ledarray_595_softspi.c
/var/folders/v3/wysfpd052nz8jkbx04pk0ym80000gn/T//cc8bzOOD.s:2      *ABS*:0000003f __SREG__
/var/folders/v3/wysfpd052nz8jkbx04pk0ym80000gn/T//cc8bzOOD.s:3      *ABS*:0000003e __SP_H__
/var/folders/v3/wysfpd052nz8jkbx04pk0ym80000gn/T//cc8bzOOD.s:4      *ABS*:0000003d __SP_L__
/var/folders/v3/wysfpd052nz8jkbx04pk0ym80000gn/T//cc8bzOOD.s:5      *ABS*:00000034 __CCP__
/var/folders/v3/wysfpd052nz8jkbx04pk0ym80000gn/T//cc8bzOOD.s:6      *ABS*:00000000 __tmp_reg__
/var/folders/v3/wysfpd052nz8jkbx04pk0ym80000gn/T//cc8bzOOD.s:7      *ABS*:00000001 __zero_reg__
/var/folders/v3/wysfpd052nz8jkbx04pk0ym80000gn/T//cc8bzOOD.s:107    .text:00000000 SoftSPI_LED_Init
/var/folders/v3/wysfpd052nz8jkbx04pk0ym80000gn/T//cc8bzOOD.s:130    .text:00000008 SoftSPI_LED_TX
/var/folders/v3/wysfpd052nz8jkbx04pk0ym80000gn/T//cc8bzOOD.s:234    .text:0000005c send_bits_595_LED
                            *COM*:00000001 DATA
                            *COM*:00000001 RS
                            *COM*:00000001 E

UNDEFINED SYMBOLS
__do_copy_data
__do_clear_bss
