   1               		.file	"LEDarray.c"
   2               	__SREG__ = 0x3f
   3               	__SP_H__ = 0x3e
   4               	__SP_L__ = 0x3d
   5               	__CCP__ = 0x34
   6               	__tmp_reg__ = 0
   7               	__zero_reg__ = 1
   8               		.global __do_copy_data
   9               		.global __do_clear_bss
  11               		.text
  12               	.Ltext0:
 106               	.global	LEDarray
 108               	LEDarray:
   1:LEDarray.c    **** //
   2:LEDarray.c    **** //  LEDarray.c
   3:LEDarray.c    **** //  MFM_rev3
   4:LEDarray.c    **** //
   5:LEDarray.c    **** //  Created by imashio on 11/6/14.
   6:LEDarray.c    **** //
   7:LEDarray.c    **** //
   8:LEDarray.c    **** 
   9:LEDarray.c    **** #include <avr/io.h>
  10:LEDarray.c    **** #include <util/delay.h>
  11:LEDarray.c    **** #include <avr/interrupt.h>
  12:LEDarray.c    **** #include "ledarray_595_softspi.h"
  13:LEDarray.c    **** #include "LEDarray.h"
  14:LEDarray.c    **** 
  15:LEDarray.c    **** // LED Array
  16:LEDarray.c    **** #define RPM_LOW         10
  17:LEDarray.c    **** #define RPM_HIGH        9000
  18:LEDarray.c    **** #define RPM_FLASH       10000
  19:LEDarray.c    **** 
  20:LEDarray.c    **** 
  21:LEDarray.c    **** // LED Array Variables Declaration
  22:LEDarray.c    **** int                 LED_scale;
  23:LEDarray.c    **** 
  24:LEDarray.c    **** void  LEDarray(unsigned int rpm){
 110               	.LM0:
 111               	.LFBB1:
 112               	/* prologue: function */
 113               	/* frame size = 0 */
 114               	/* stack size = 0 */
 115               	.L__stack_usage = 0
  25:LEDarray.c    **** 
  26:LEDarray.c    ****     if( rpm < RPM_LOW ){
 117               	.LM1:
 118 0000 8A30      		cpi r24,10
 119 0002 9105      		cpc r25,__zero_reg__
 120 0004 00F4      		brsh .L2
  27:LEDarray.c    ****         LED_scale = 0;
 122               	.LM2:
 123 0006 1092 0000 		sts LED_scale+1,__zero_reg__
 124 000a 1092 0000 		sts LED_scale,__zero_reg__
 125 000e 00C0      		rjmp .L3
 126               	.L2:
  28:LEDarray.c    ****     }else if( rpm > RPM_HIGH ){
 128               	.LM3:
 129 0010 23E2      		ldi r18,hi8(9001)
 130 0012 8932      		cpi r24,lo8(9001)
 131 0014 9207      		cpc r25,r18
 132 0016 00F0      		brlo .L4
  29:LEDarray.c    ****         LED_scale = 8;
 134               	.LM4:
 135 0018 88E0      		ldi r24,lo8(8)
 136 001a 90E0      		ldi r25,hi8(8)
 137 001c 00C0      		rjmp .L5
 138               	.L4:
  30:LEDarray.c    ****     }else{
  31:LEDarray.c    ****         LED_scale = 8.0*( rpm - RPM_LOW )/( RPM_HIGH - RPM_LOW );
 140               	.LM5:
 141 001e 0A97      		sbiw r24,10
 142 0020 BC01      		movw r22,r24
 143 0022 80E0      		ldi r24,lo8(0)
 144 0024 90E0      		ldi r25,hi8(0)
 145 0026 00D0      		rcall __floatunsisf
 146 0028 20E0      		ldi r18,lo8(0x41000000)
 147 002a 30E0      		ldi r19,hi8(0x41000000)
 148 002c 40E0      		ldi r20,hlo8(0x41000000)
 149 002e 51E4      		ldi r21,hhi8(0x41000000)
 150 0030 00D0      		rcall __mulsf3
 151 0032 20E0      		ldi r18,lo8(0x460c7800)
 152 0034 38E7      		ldi r19,hi8(0x460c7800)
 153 0036 4CE0      		ldi r20,hlo8(0x460c7800)
 154 0038 56E4      		ldi r21,hhi8(0x460c7800)
 155 003a 00D0      		rcall __divsf3
 156 003c 00D0      		rcall __fixsfsi
 157 003e DC01      		movw r26,r24
 158 0040 CB01      		movw r24,r22
 159               	.L5:
 160 0042 9093 0000 		sts LED_scale+1,r25
 161 0046 8093 0000 		sts LED_scale,r24
 162               	.L3:
  32:LEDarray.c    ****     }
  33:LEDarray.c    ****     send_bits_595_LED(~( 0xff << (int)LED_scale ));
 164               	.LM6:
 165 004a 8FEF      		ldi r24,lo8(255)
 166 004c 90E0      		ldi r25,hi8(255)
 167 004e 0090 0000 		lds r0,LED_scale
 168 0052 00C0      		rjmp 2f
 169 0054 880F      	1:	lsl r24
 170 0056 991F      		rol r25
 171 0058 0A94      	2:	dec r0
 172 005a 02F4      		brpl 1b
 173 005c 8095      		com r24
 174 005e 00D0      		rcall send_bits_595_LED
 175               	/* epilogue start */
  34:LEDarray.c    ****     
  35:LEDarray.c    **** }...
 177               	.LM7:
 178 0060 0895      		ret
 180               	.Lscope1:
 181               		.comm LED_scale,2,1
 184               	.Letext0:
DEFINED SYMBOLS
                            *ABS*:00000000 LEDarray.c
/var/folders/v3/wysfpd052nz8jkbx04pk0ym80000gn/T//cco1JLWK.s:2      *ABS*:0000003f __SREG__
/var/folders/v3/wysfpd052nz8jkbx04pk0ym80000gn/T//cco1JLWK.s:3      *ABS*:0000003e __SP_H__
/var/folders/v3/wysfpd052nz8jkbx04pk0ym80000gn/T//cco1JLWK.s:4      *ABS*:0000003d __SP_L__
/var/folders/v3/wysfpd052nz8jkbx04pk0ym80000gn/T//cco1JLWK.s:5      *ABS*:00000034 __CCP__
/var/folders/v3/wysfpd052nz8jkbx04pk0ym80000gn/T//cco1JLWK.s:6      *ABS*:00000000 __tmp_reg__
/var/folders/v3/wysfpd052nz8jkbx04pk0ym80000gn/T//cco1JLWK.s:7      *ABS*:00000001 __zero_reg__
/var/folders/v3/wysfpd052nz8jkbx04pk0ym80000gn/T//cco1JLWK.s:108    .text:00000000 LEDarray
                            *COM*:00000002 LED_scale

UNDEFINED SYMBOLS
__do_copy_data
__do_clear_bss
__floatunsisf
__mulsf3
__divsf3
__fixsfsi
send_bits_595_LED
